<?xml version="1.0" encoding="UTF-8"?>
<testng-results skipped="0" failed="0" ignored="0" total="2" passed="2">
  <reporter-output>
  </reporter-output>
  <suite name="Suite" duration-ms="13446" started-at="2021-12-02T17:40:20 IST" finished-at="2021-12-02T17:40:34 IST">
    <groups>
    </groups>
    <test name="Test" duration-ms="13446" started-at="2021-12-02T17:40:20 IST" finished-at="2021-12-02T17:40:34 IST">
      <class name="com.kani.jenkins.Jenkins_BitBucket.AmazonPage">
        <test-method status="PASS" signature="fnVerifyPageTitle()[pri:0, instance:com.kani.jenkins.Jenkins_BitBucket.AmazonPage@8931cf]" name="fnVerifyPageTitle" duration-ms="13410" started-at="2021-12-02T17:40:20 IST" finished-at="2021-12-02T17:40:34 IST">
          <reporter-output>
          </reporter-output>
        </test-method> <!-- fnVerifyPageTitle -->
      </class> <!-- com.kani.jenkins.Jenkins_BitBucket.AmazonPage -->
    </test> <!-- Test -->
  </suite> <!-- Suite -->
  <suite name="Suite (0)" duration-ms="12407" started-at="2021-12-02T17:40:34 IST" finished-at="2021-12-02T17:40:46 IST">
    <groups>
    </groups>
    <test name="Test" duration-ms="12407" started-at="2021-12-02T17:40:34 IST" finished-at="2021-12-02T17:40:46 IST">
      <class name="com.kani.jenkins.Jenkins_BitBucket.AmazonPage">
        <test-method status="PASS" signature="fnVerifyPageTitle()[pri:0, instance:com.kani.jenkins.Jenkins_BitBucket.AmazonPage@169c6ba]" name="fnVerifyPageTitle" duration-ms="12407" started-at="2021-12-02T17:40:34 IST" finished-at="2021-12-02T17:40:46 IST">
          <reporter-output>
          </reporter-output>
        </test-method> <!-- fnVerifyPageTitle -->
      </class> <!-- com.kani.jenkins.Jenkins_BitBucket.AmazonPage -->
    </test> <!-- Test -->
  </suite> <!-- Suite (0) -->
</testng-results>
