<?xml version="1.0" encoding="UTF-8"?>
<testng-results ignored="0" total="1" passed="1" failed="0" skipped="0">
  <reporter-output>
  </reporter-output>
  <suite started-at="2021-12-02T15:31:46 IST" name="Suite" finished-at="2021-12-02T15:31:57 IST" duration-ms="10973">
    <groups>
    </groups>
    <test started-at="2021-12-02T15:31:46 IST" name="Test" finished-at="2021-12-02T15:31:57 IST" duration-ms="10973">
      <class name="com.kani.jenkins.Jenkins_BitBucket.AmazonPage">
        <test-method signature="fnVerifyPageTitle()[pri:0, instance:com.kani.jenkins.Jenkins_BitBucket.AmazonPage@1151e434]" started-at="2021-12-02T15:31:46 IST" name="fnVerifyPageTitle" finished-at="2021-12-02T15:31:57 IST" duration-ms="10939" status="PASS">
          <reporter-output>
          </reporter-output>
        </test-method> <!-- fnVerifyPageTitle -->
      </class> <!-- com.kani.jenkins.Jenkins_BitBucket.AmazonPage -->
    </test> <!-- Test -->
  </suite> <!-- Suite -->
</testng-results>
